<?xml version="1.0" encoding="UTF-8"?>
<!-- Generated by org.testng.reporters.JUnitReportReporter -->
<testsuite skipped="0" hostname="Pankaj-Singh" name="Testing.Test4" tests="1" failures="0" timestamp="10 Oct 2022 13:05:30 GMT" time="0.010" errors="0">
  <testcase name="f" time="0.010" classname="Testing.Test4"/>
</testsuite> <!-- Testing.Test4 -->
