<?xml version="1.0" encoding="UTF-8"?>
<!-- Generated by org.testng.reporters.JUnitReportReporter -->
<testsuite skipped="1" hostname="Pankaj-Singh" name="Testing.Test5" tests="6" failures="0" timestamp="10 Oct 2022 13:14:16 GMT" time="0.011" errors="0">
  <testcase name="f" time="0.001" classname="Testing.Test5"/>
  <testcase name="f" time="0.000" classname="Testing.Test5"/>
  <testcase name="f" time="0.008" classname="Testing.Test5"/>
  <testcase name="f" time="0.001" classname="Testing.Test5"/>
  <testcase name="chats" time="0.001" classname="Testing.Test5"/>
  <testcase name="setting" classname="Testing.Test5">
    <skipped/>
  </testcase> <!-- setting -->
</testsuite> <!-- Testing.Test5 -->
