<?xml version="1.0" encoding="UTF-8"?>
<!-- Generated by org.testng.reporters.JUnitReportReporter -->
<testsuite skipped="0" hostname="Pankaj-Singh" name="Testing.NewTest1" tests="1" failures="0" timestamp="10 Oct 2022 11:24:42 GMT" time="0.008" errors="0">
  <testcase name="demo" time="0.008" classname="Testing.NewTest1"/>
</testsuite> <!-- Testing.NewTest1 -->
