<?xml version="1.0" encoding="UTF-8"?>
<!-- Generated by org.testng.reporters.JUnitReportReporter -->
<testsuite skipped="0" hostname="Pankaj-Singh" name="Testing.Test3" tests="1" failures="0" timestamp="10 Oct 2022 12:59:57 GMT" time="0.008" errors="0">
  <testcase name="demo" time="0.008" classname="Testing.Test3"/>
</testsuite> <!-- Testing.Test3 -->
